2018-07-02 14:28:58.881  INFO 26800 --- [localhost-startStop-1] o.s.web.context.ContextLoader            : Root WebApplicationContext: initialization completed in 6357 ms
2018-07-02 14:29:04.660  INFO 26800 --- [restartedMain] s.w.s.m.m.a.RequestMappingHandlerAdapter : Looking for @ControllerAdvice: org.springframework.boot.context.embedded.AnnotationConfigEmbeddedWebApplicationContext@66b875e1: startup date [Mon Jul 02 14:28:52 CST 2018]; root of context hierarchy
2018-07-02 14:29:04.844  INFO 26800 --- [restartedMain] s.w.s.m.m.a.RequestMappingHandlerMapping : Mapped "{[/file]}" onto public java.lang.String com.youyuan.paystrategy.controller.FileUploadController.file()
2018-07-02 14:29:04.845  INFO 26800 --- [restartedMain] s.w.s.m.m.a.RequestMappingHandlerMapping : Mapped "{[/mutifile]}" onto public java.lang.String com.youyuan.paystrategy.controller.FileUploadController.mutifile()
2018-07-02 14:29:04.845  INFO 26800 --- [restartedMain] s.w.s.m.m.a.RequestMappingHandlerMapping : Mapped "{[/upload]}" onto public java.lang.String com.youyuan.paystrategy.controller.FileUploadController.handleFileUpload(org.springframework.web.multipart.MultipartFile)
2018-07-02 14:29:04.846  INFO 26800 --- [restartedMain] s.w.s.m.m.a.RequestMappingHandlerMapping : Mapped "{[/batch/upload],methods=[POST]}" onto public java.lang.String com.youyuan.paystrategy.controller.FileUploadController.handleFileUpload(javax.servlet.http.HttpServletRequest)
2018-07-02 14:29:04.852  INFO 26800 --- [restartedMain] s.w.s.m.m.a.RequestMappingHandlerMapping : Mapped "{[/hellos/saveHello]}" onto public java.lang.String com.youyuan.paystrategy.controller.HelloController.saveHello()
2018-07-02 14:29:04.853  INFO 26800 --- [restartedMain] s.w.s.m.m.a.RequestMappingHandlerMapping : Mapped "{[/hellos/{id}],methods=[PUT]}" onto public java.lang.String com.youyuan.paystrategy.controller.HelloController.putHello(java.lang.Long,com.youyuan.paystrategy.bean.Hello)
2018-07-02 14:29:04.853  INFO 26800 --- [restartedMain] s.w.s.m.m.a.RequestMappingHandlerMapping : Mapped "{[/hellos/getHelloList]}" onto public java.lang.String com.youyuan.paystrategy.controller.HelloController.getHelloList()
2018-07-02 14:29:04.854  INFO 26800 --- [restartedMain] s.w.s.m.m.a.RequestMappingHandlerMapping : Mapped "{[/hellos/likeName]}" onto public java.util.List<com.youyuan.paystrategy.bean.Hello> com.youyuan.paystrategy.controller.HelloController.likeName(java.lang.String,int,int)
2018-07-02 14:29:04.855  INFO 26800 --- [restartedMain] s.w.s.m.m.a.RequestMappingHandlerMapping : Mapped "{[/hellos/]}" onto public java.lang.String com.youyuan.paystrategy.controller.HelloController.hello()
2018-07-02 14:29:04.855  INFO 26800 --- [restartedMain] s.w.s.m.m.a.RequestMappingHandlerMapping : Mapped "{[/hellos/getHelloById]}" onto public com.youyuan.paystrategy.bean.Hello com.youyuan.paystrategy.controller.HelloController.getById(long)
2018-07-02 14:29:04.855  INFO 26800 --- [restartedMain] s.w.s.m.m.a.RequestMappingHandlerMapping : Mapped "{[/hellos/{id}],methods=[DELETE]}" onto public java.lang.String com.youyuan.paystrategy.controller.HelloController.deleteHello(java.lang.Long)
2018-07-02 14:29:04.856  INFO 26800 --- [restartedMain] s.w.s.m.m.a.RequestMappingHandlerMapping : Mapped "{[/hellos/{id}],methods=[GET]}" onto public com.youyuan.paystrategy.bean.Hello com.youyuan.paystrategy.controller.HelloController.getHello(java.lang.Long)
2018-07-02 14:29:04.856  INFO 26800 --- [restartedMain] s.w.s.m.m.a.RequestMappingHandlerMapping : Mapped "{[/hellos/getHello]}" onto public com.youyuan.paystrategy.bean.Hello com.youyuan.paystrategy.controller.HelloController.getHello()
2018-07-02 14:29:04.856  INFO 26800 --- [restartedMain] s.w.s.m.m.a.RequestMappingHandlerMapping : Mapped "{[/hellos],methods=[GET]}" onto public java.util.List<com.youyuan.paystrategy.bean.Hello> com.youyuan.paystrategy.controller.HelloController.getUserList()
2018-07-02 14:29:04.856  INFO 26800 --- [restartedMain] s.w.s.m.m.a.RequestMappingHandlerMapping : Mapped "{[/hellos],methods=[POST]}" onto public java.lang.String com.youyuan.paystrategy.controller.HelloController.postHello(com.youyuan.paystrategy.bean.Hello)
2018-07-02 14:29:04.857  INFO 26800 --- [restartedMain] s.w.s.m.m.a.RequestMappingHandlerMapping : Mapped "{[/hellos/zeroException]}" onto public int com.youyuan.paystrategy.controller.HelloController.zeroException()
2018-07-02 14:29:04.858  INFO 26800 --- [restartedMain] s.w.s.m.m.a.RequestMappingHandlerMapping : Mapped "{[/jsp/helloJsp]}" onto public java.lang.String com.youyuan.paystrategy.controller.JspController.helloJsp(java.util.Map<java.lang.String, java.lang.Object>)
2018-07-02 14:29:04.860  INFO 26800 --- [restartedMain] s.w.s.m.m.a.RequestMappingHandlerMapping : Mapped "{[/get]}" onto public java.lang.String com.youyuan.paystrategy.controller.TestController.get()
2018-07-02 14:29:04.860  INFO 26800 --- [restartedMain] s.w.s.m.m.a.RequestMappingHandlerMapping : Mapped "{[/get4]}" onto public java.lang.String com.youyuan.paystrategy.controller.TestController.get4()
2018-07-02 14:29:04.860  INFO 26800 --- [restartedMain] s.w.s.m.m.a.RequestMappingHandlerMapping : Mapped "{[/get1]}" onto public java.lang.String com.youyuan.paystrategy.controller.TestController.get1()
2018-07-02 14:29:04.861  INFO 26800 --- [restartedMain] s.w.s.m.m.a.RequestMappingHandlerMapping : Mapped "{[/get3]}" onto public java.lang.String com.youyuan.paystrategy.controller.TestController.get3()
2018-07-02 14:29:04.861  INFO 26800 --- [restartedMain] s.w.s.m.m.a.RequestMappingHandlerMapping : Mapped "{[/get2]}" onto public java.lang.String com.youyuan.paystrategy.controller.TestController.get2()
2018-07-02 14:29:04.862  INFO 26800 --- [restartedMain] s.w.s.m.m.a.RequestMappingHandlerMapping : Mapped "{[/helloJsp]}" onto public java.lang.String com.youyuan.paystrategy.controller.ThymeleafController.helloJsp(java.util.Map<java.lang.String, java.lang.Object>)
2018-07-02 14:29:04.863  INFO 26800 --- [restartedMain] s.w.s.m.m.a.RequestMappingHandlerMapping : Mapped "{[/helloHtml]}" onto public java.lang.String com.youyuan.paystrategy.controller.ThymeleafController.helloHtml(java.util.Map<java.lang.String, java.lang.Object>)
2018-07-02 14:29:04.866  INFO 26800 --- [restartedMain] s.w.s.m.m.a.RequestMappingHandlerMapping : Mapped "{[/error]}" onto public org.springframework.http.ResponseEntity<java.util.Map<java.lang.String, java.lang.Object>> org.springframework.boot.autoconfigure.web.BasicErrorController.error(javax.servlet.http.HttpServletRequest)
2018-07-02 14:29:04.867  INFO 26800 --- [restartedMain] s.w.s.m.m.a.RequestMappingHandlerMapping : Mapped "{[/error],produces=[text/html]}" onto public org.springframework.web.servlet.ModelAndView org.springframework.boot.autoconfigure.web.BasicErrorController.errorHtml(javax.servlet.http.HttpServletRequest,javax.servlet.http.HttpServletResponse)
2018-07-02 14:29:05.083  INFO 26800 --- [restartedMain] o.s.w.s.handler.SimpleUrlHandlerMapping  : Mapped URL path [/myres/**] onto handler of type [class org.springframework.web.servlet.resource.ResourceHttpRequestHandler]
2018-07-02 14:29:05.083  INFO 26800 --- [restartedMain] o.s.w.s.handler.SimpleUrlHandlerMapping  : Mapped URL path [/webjars/**] onto handler of type [class org.springframework.web.servlet.resource.ResourceHttpRequestHandler]
2018-07-02 14:29:05.084  INFO 26800 --- [restartedMain] o.s.w.s.handler.SimpleUrlHandlerMapping  : Mapped URL path [/**] onto handler of type [class org.springframework.web.servlet.resource.ResourceHttpRequestHandler]
2018-07-02 14:29:05.127  INFO 26800 --- [restartedMain] .m.m.a.ExceptionHandlerExceptionResolver : Detected @ExceptionHandler methods in globalExceptionHandler
2018-07-02 14:29:05.202  INFO 26800 --- [restartedMain] o.s.w.s.handler.SimpleUrlHandlerMapping  : Mapped URL path [/**/favicon.ico] onto handler of type [class org.springframework.web.servlet.resource.ResourceHttpRequestHandler]
2018-07-02 14:29:07.246  INFO 26800 --- [restartedMain] o.s.w.s.v.f.FreeMarkerConfigurer         : ClassTemplateLoader for Spring macros added to FreeMarker configuration
